<?xml version="1.0" encoding="UTF-8"?>
<testng-results ignored="0" total="1" passed="1" failed="0" skipped="0">
  <reporter-output>
  </reporter-output>
  <suite started-at="2023-05-07T22:55:15 CDT" name="Default suite" finished-at="2023-05-07T22:55:26 CDT" duration-ms="10375">
    <groups>
    </groups>
    <test started-at="2023-05-07T22:55:15 CDT" name="Default test" finished-at="2023-05-07T22:55:26 CDT" duration-ms="10375">
      <class name="Test.com.screenShot">
        <test-method signature="captureScreen()[pri:0, instance:Test.com.screenShot@5a56cdac]" started-at="2023-05-07T22:55:15 CDT" name="captureScreen" finished-at="2023-05-07T22:55:26 CDT" duration-ms="10320" status="PASS">
          <reporter-output>
          </reporter-output>
        </test-method> <!-- captureScreen -->
      </class> <!-- Test.com.screenShot -->
    </test> <!-- Default test -->
  </suite> <!-- Default suite -->
</testng-results>
