<?xml version="1.0" encoding="UTF-8"?>
<!-- Generated by org.testng.reporters.JUnitXMLReporter -->
<testsuite ignored="0" hostname="Sampadas-Air.attlocal.net" failures="1" tests="3" name="Test" time="0.092" errors="0" timestamp="2023-05-03T15:27:46 CDT">
  <testcase classname="Test.com.groupDependency1" name="testCaseOne" time="0.032"/>
  <testcase classname="Test.com.groupDependency1" name="testCaseTwo" time="0.003">
    <failure type="java.lang.AssertionError" message="expected [true] but found [false]">
      <![CDATA[java.lang.AssertionError: expected [true] but found [false]
at Test.com.groupDependency1.testCaseTwo(groupDependency1.java:17)
at java.base/java.util.ArrayList.forEach(ArrayList.java:1511)
... Removed 33 stack frames]]>
    </failure>
  </testcase> <!-- testCaseTwo -->
  <testcase classname="Test.com.groupDependency1" name="testCaseThree" time="0.0">
    <skipped/>
  </testcase> <!-- testCaseThree -->
</testsuite> <!-- Test -->
